2025-11-11 12:57:48,008 - INFO - Intializing our Huggingface embedding model
2025-11-11 12:57:48,185 - INFO - Use pytorch device_name: mps
2025-11-11 12:57:48,185 - INFO - Load pretrained SentenceTransformer: sentence-transformers/all-MiniLM-L6-v2
2025-11-11 12:57:49,948 - INFO - Huggingface embedding model loaded sucesfully....
2025-11-11 12:57:49,948 - INFO - Loading existing vectorstore from /Users/nuzkhan/Downloads/projects/medical chatbot v2/vectorstore/db_faiss
2025-11-11 12:57:49,951 - INFO - Loading faiss.
2025-11-11 12:57:50,000 - INFO - Successfully loaded faiss.
2025-11-11 12:57:50,110 - INFO - ✅ Vector store loaded successfully
2025-11-11 12:57:50,126 - INFO - 🔄 Creating QA Chain...
2025-11-11 12:57:50,126 - INFO - Intializing our Huggingface embedding model
2025-11-11 12:57:50,128 - INFO - Use pytorch device_name: mps
2025-11-11 12:57:50,128 - INFO - Load pretrained SentenceTransformer: sentence-transformers/all-MiniLM-L6-v2
2025-11-11 12:57:51,590 - INFO - Huggingface embedding model loaded sucesfully....
2025-11-11 12:57:51,591 - INFO - Loading existing vectorstore from /Users/nuzkhan/Downloads/projects/medical chatbot v2/vectorstore/db_faiss
2025-11-11 12:57:51,611 - INFO - ✅ Vector store loaded successfully
2025-11-11 12:57:51,612 - INFO - ✅ Vector store loaded/created successfully.
2025-11-11 12:57:58,405 - INFO - ✅ QA chain created successfully
2025-11-11 12:57:58,482 - INFO - [31m[1mWARNING: This is a development server. Do not use it in a production deployment. Use a production WSGI server instead.[0m
 * Running on all addresses (0.0.0.0)
 * Running on http://127.0.0.1:5001
 * Running on http://192.168.1.243:5001
2025-11-11 12:57:58,482 - INFO - [33mPress CTRL+C to quit[0m
2025-11-11 13:23:04,965 - INFO - Intializing our Huggingface embedding model
2025-11-11 13:23:05,089 - INFO - Use pytorch device_name: mps
2025-11-11 13:23:05,089 - INFO - Load pretrained SentenceTransformer: sentence-transformers/all-MiniLM-L6-v2
2025-11-11 13:23:06,802 - INFO - Huggingface embedding model loaded sucesfully....
2025-11-11 13:23:06,802 - INFO - Loading existing vectorstore from /Users/nuzkhan/Downloads/projects/medical chatbot v2/vectorstore/db_faiss
2025-11-11 13:23:06,804 - INFO - Loading faiss.
2025-11-11 13:23:06,831 - INFO - Successfully loaded faiss.
2025-11-11 13:23:06,923 - INFO - ✅ Vector store loaded successfully
2025-11-11 13:23:06,945 - INFO - 🔄 Creating QA Chain...
2025-11-11 13:23:06,945 - INFO - Intializing our Huggingface embedding model
2025-11-11 13:23:06,947 - INFO - Use pytorch device_name: mps
2025-11-11 13:23:06,947 - INFO - Load pretrained SentenceTransformer: sentence-transformers/all-MiniLM-L6-v2
2025-11-11 13:23:08,320 - INFO - Huggingface embedding model loaded sucesfully....
2025-11-11 13:23:08,321 - INFO - Loading existing vectorstore from /Users/nuzkhan/Downloads/projects/medical chatbot v2/vectorstore/db_faiss
2025-11-11 13:23:08,343 - INFO - ✅ Vector store loaded successfully
2025-11-11 13:23:08,343 - INFO - ✅ Vector store loaded/created successfully.
2025-11-11 13:23:14,674 - INFO - ✅ QA chain created successfully
2025-11-11 13:23:14,680 - ERROR - Form data requires "python-multipart" to be installed. 
You can install "python-multipart" with: 

pip install python-multipart

2025-11-11 13:25:33,569 - INFO - Intializing our Huggingface embedding model
2025-11-11 13:25:33,669 - INFO - Use pytorch device_name: mps
2025-11-11 13:25:33,669 - INFO - Load pretrained SentenceTransformer: sentence-transformers/all-MiniLM-L6-v2
2025-11-11 13:25:35,341 - INFO - Huggingface embedding model loaded sucesfully....
2025-11-11 13:25:35,341 - INFO - Loading existing vectorstore from /Users/nuzkhan/Downloads/projects/medical chatbot v2/vectorstore/db_faiss
2025-11-11 13:25:35,343 - INFO - Loading faiss.
2025-11-11 13:25:35,364 - INFO - Successfully loaded faiss.
2025-11-11 13:25:35,449 - INFO - ✅ Vector store loaded successfully
2025-11-11 13:25:35,460 - INFO - 🔄 Creating QA Chain...
2025-11-11 13:25:35,460 - INFO - Intializing our Huggingface embedding model
2025-11-11 13:25:35,462 - INFO - Use pytorch device_name: mps
2025-11-11 13:25:35,462 - INFO - Load pretrained SentenceTransformer: sentence-transformers/all-MiniLM-L6-v2
2025-11-11 13:25:36,922 - INFO - Huggingface embedding model loaded sucesfully....
2025-11-11 13:25:36,922 - INFO - Loading existing vectorstore from /Users/nuzkhan/Downloads/projects/medical chatbot v2/vectorstore/db_faiss
2025-11-11 13:25:36,944 - INFO - ✅ Vector store loaded successfully
2025-11-11 13:25:36,944 - INFO - ✅ Vector store loaded/created successfully.
2025-11-11 13:25:42,995 - INFO - ✅ QA chain created successfully
2025-11-11 13:46:31,770 - INFO - Intializing our Huggingface embedding model
2025-11-11 13:46:31,905 - INFO - Use pytorch device_name: mps
2025-11-11 13:46:31,905 - INFO - Load pretrained SentenceTransformer: sentence-transformers/all-MiniLM-L6-v2
2025-11-11 13:46:33,890 - INFO - Huggingface embedding model loaded sucesfully....
2025-11-11 13:46:33,891 - INFO - Loading existing vectorstore from /Users/nuzkhan/Downloads/projects/medical chatbot v2/vectorstore/db_faiss
2025-11-11 13:46:33,893 - INFO - Loading faiss.
2025-11-11 13:46:33,941 - INFO - Successfully loaded faiss.
2025-11-11 13:46:34,038 - INFO - ✅ Vector store loaded successfully
2025-11-11 13:46:34,065 - INFO - 🔄 Creating QA Chain...
2025-11-11 13:46:34,065 - INFO - Intializing our Huggingface embedding model
2025-11-11 13:46:34,066 - INFO - Use pytorch device_name: mps
2025-11-11 13:46:34,066 - INFO - Load pretrained SentenceTransformer: sentence-transformers/all-MiniLM-L6-v2
2025-11-11 13:46:36,098 - INFO - Huggingface embedding model loaded sucesfully....
2025-11-11 13:46:36,102 - INFO - Loading existing vectorstore from /Users/nuzkhan/Downloads/projects/medical chatbot v2/vectorstore/db_faiss
2025-11-11 13:46:36,120 - INFO - ✅ Vector store loaded successfully
2025-11-11 13:46:36,120 - INFO - ✅ Vector store loaded/created successfully.
2025-11-11 13:46:43,026 - INFO - ✅ QA chain created successfully
2025-11-11 13:51:31,786 - INFO - Intializing our Huggingface embedding model
2025-11-11 13:51:31,907 - INFO - Use pytorch device_name: mps
2025-11-11 13:51:31,907 - INFO - Load pretrained SentenceTransformer: sentence-transformers/all-MiniLM-L6-v2
2025-11-11 13:51:33,691 - INFO - Huggingface embedding model loaded sucesfully....
2025-11-11 13:51:33,692 - INFO - Loading existing vectorstore from /Users/nuzkhan/Downloads/projects/medical chatbot v2/vectorstore/db_faiss
2025-11-11 13:51:33,694 - INFO - Loading faiss.
2025-11-11 13:51:33,719 - INFO - Successfully loaded faiss.
2025-11-11 13:51:33,832 - INFO - ✅ Vector store loaded successfully
2025-11-11 13:51:33,842 - INFO - 🔄 Creating QA Chain...
2025-11-11 13:51:33,842 - INFO - Intializing our Huggingface embedding model
2025-11-11 13:51:33,843 - INFO - Use pytorch device_name: mps
2025-11-11 13:51:33,843 - INFO - Load pretrained SentenceTransformer: sentence-transformers/all-MiniLM-L6-v2
2025-11-11 13:51:35,251 - INFO - Huggingface embedding model loaded sucesfully....
2025-11-11 13:51:35,251 - INFO - Loading existing vectorstore from /Users/nuzkhan/Downloads/projects/medical chatbot v2/vectorstore/db_faiss
2025-11-11 13:51:35,267 - INFO - ✅ Vector store loaded successfully
2025-11-11 13:51:35,267 - INFO - ✅ Vector store loaded/created successfully.
2025-11-11 13:51:41,930 - INFO - ✅ QA chain created successfully
2025-11-11 13:55:16,305 - INFO - Intializing our Huggingface embedding model
2025-11-11 13:55:16,397 - INFO - Use pytorch device_name: mps
2025-11-11 13:55:16,397 - INFO - Load pretrained SentenceTransformer: sentence-transformers/all-MiniLM-L6-v2
2025-11-11 13:55:18,039 - INFO - Huggingface embedding model loaded sucesfully....
2025-11-11 13:55:18,040 - INFO - Loading existing vectorstore from /Users/nuzkhan/Downloads/projects/medical chatbot v2/vectorstore/db_faiss
2025-11-11 13:55:18,041 - INFO - Loading faiss.
2025-11-11 13:55:18,062 - INFO - Successfully loaded faiss.
2025-11-11 13:55:18,158 - INFO - ✅ Vector store loaded successfully
2025-11-11 13:55:18,168 - INFO - 🔄 Creating QA Chain...
2025-11-11 13:55:18,168 - INFO - Intializing our Huggingface embedding model
2025-11-11 13:55:18,169 - INFO - Use pytorch device_name: mps
2025-11-11 13:55:18,169 - INFO - Load pretrained SentenceTransformer: sentence-transformers/all-MiniLM-L6-v2
2025-11-11 13:55:19,503 - INFO - Huggingface embedding model loaded sucesfully....
2025-11-11 13:55:19,503 - INFO - Loading existing vectorstore from /Users/nuzkhan/Downloads/projects/medical chatbot v2/vectorstore/db_faiss
2025-11-11 13:55:19,522 - INFO - ✅ Vector store loaded successfully
2025-11-11 13:55:19,522 - INFO - ✅ Vector store loaded/created successfully.
2025-11-11 13:55:24,890 - INFO - ✅ QA chain created successfully
2025-11-11 14:03:56,939 - INFO - Intializing our Huggingface embedding model
2025-11-11 14:03:57,060 - INFO - Use pytorch device_name: mps
2025-11-11 14:03:57,060 - INFO - Load pretrained SentenceTransformer: sentence-transformers/all-MiniLM-L6-v2
2025-11-11 14:03:58,779 - INFO - Huggingface embedding model loaded sucesfully....
2025-11-11 14:03:58,780 - INFO - Loading existing vectorstore from /Users/nuzkhan/Downloads/projects/medical chatbot v2/vectorstore/db_faiss
2025-11-11 14:03:58,783 - INFO - Loading faiss.
2025-11-11 14:03:58,814 - INFO - Successfully loaded faiss.
2025-11-11 14:03:58,939 - INFO - ✅ Vector store loaded successfully
2025-11-11 14:03:58,949 - INFO - 🔄 Creating QA Chain...
2025-11-11 14:03:58,949 - INFO - Intializing our Huggingface embedding model
2025-11-11 14:03:58,951 - INFO - Use pytorch device_name: mps
2025-11-11 14:03:58,951 - INFO - Load pretrained SentenceTransformer: sentence-transformers/all-MiniLM-L6-v2
2025-11-11 14:04:00,338 - INFO - Huggingface embedding model loaded sucesfully....
2025-11-11 14:04:00,338 - INFO - Loading existing vectorstore from /Users/nuzkhan/Downloads/projects/medical chatbot v2/vectorstore/db_faiss
2025-11-11 14:04:00,361 - INFO - ✅ Vector store loaded successfully
2025-11-11 14:04:00,362 - INFO - ✅ Vector store loaded/created successfully.
2025-11-11 14:04:06,290 - INFO - ✅ QA chain created successfully
2025-11-11 14:05:21,973 - INFO - Intializing our Huggingface embedding model
2025-11-11 14:05:22,094 - INFO - Use pytorch device_name: mps
2025-11-11 14:05:22,094 - INFO - Load pretrained SentenceTransformer: sentence-transformers/all-MiniLM-L6-v2
2025-11-11 14:05:23,839 - INFO - Huggingface embedding model loaded sucesfully....
2025-11-11 14:05:23,839 - INFO - Loading existing vectorstore from /Users/nuzkhan/Downloads/projects/medical chatbot v2/vectorstore/db_faiss
2025-11-11 14:05:23,840 - INFO - Loading faiss.
2025-11-11 14:05:23,860 - INFO - Successfully loaded faiss.
2025-11-11 14:05:23,955 - INFO - ✅ Vector store loaded successfully
2025-11-11 14:05:23,966 - INFO - 🔄 Creating QA Chain...
2025-11-11 14:05:23,966 - INFO - Intializing our Huggingface embedding model
2025-11-11 14:05:23,967 - INFO - Use pytorch device_name: mps
2025-11-11 14:05:23,967 - INFO - Load pretrained SentenceTransformer: sentence-transformers/all-MiniLM-L6-v2
2025-11-11 14:05:25,543 - INFO - Huggingface embedding model loaded sucesfully....
2025-11-11 14:05:25,544 - INFO - Loading existing vectorstore from /Users/nuzkhan/Downloads/projects/medical chatbot v2/vectorstore/db_faiss
2025-11-11 14:05:25,568 - INFO - ✅ Vector store loaded successfully
2025-11-11 14:05:25,568 - INFO - ✅ Vector store loaded/created successfully.
2025-11-11 14:05:33,870 - INFO - ✅ QA chain created successfully
2025-11-11 14:05:37,754 - INFO - Intializing our Huggingface embedding model
2025-11-11 14:05:37,875 - INFO - Use pytorch device_name: mps
2025-11-11 14:05:37,875 - INFO - Load pretrained SentenceTransformer: sentence-transformers/all-MiniLM-L6-v2
2025-11-11 14:05:39,459 - INFO - Huggingface embedding model loaded sucesfully....
2025-11-11 14:05:39,459 - INFO - Loading existing vectorstore from /Users/nuzkhan/Downloads/projects/medical chatbot v2/vectorstore/db_faiss
2025-11-11 14:05:39,461 - INFO - Loading faiss.
2025-11-11 14:05:39,474 - INFO - Successfully loaded faiss.
2025-11-11 14:05:39,571 - INFO - ✅ Vector store loaded successfully
2025-11-11 14:05:39,579 - INFO - 🔄 Creating QA Chain...
2025-11-11 14:05:39,579 - INFO - Intializing our Huggingface embedding model
2025-11-11 14:05:39,581 - INFO - Use pytorch device_name: mps
2025-11-11 14:05:39,581 - INFO - Load pretrained SentenceTransformer: sentence-transformers/all-MiniLM-L6-v2
2025-11-11 14:05:41,294 - INFO - Huggingface embedding model loaded sucesfully....
2025-11-11 14:05:41,295 - INFO - Loading existing vectorstore from /Users/nuzkhan/Downloads/projects/medical chatbot v2/vectorstore/db_faiss
2025-11-11 14:05:41,323 - INFO - ✅ Vector store loaded successfully
2025-11-11 14:05:41,323 - INFO - ✅ Vector store loaded/created successfully.
2025-11-11 14:05:47,533 - INFO - ✅ QA chain created successfully
2025-11-11 14:08:50,459 - INFO - Intializing our Huggingface embedding model
2025-11-11 14:08:50,587 - INFO - Use pytorch device_name: mps
2025-11-11 14:08:50,587 - INFO - Load pretrained SentenceTransformer: sentence-transformers/all-MiniLM-L6-v2
2025-11-11 14:08:52,170 - INFO - Huggingface embedding model loaded sucesfully....
2025-11-11 14:08:52,171 - INFO - Loading existing vectorstore from /Users/nuzkhan/Downloads/projects/medical chatbot v2/vectorstore/db_faiss
2025-11-11 14:08:52,172 - INFO - Loading faiss.
2025-11-11 14:08:52,195 - INFO - Successfully loaded faiss.
2025-11-11 14:08:52,284 - INFO - ✅ Vector store loaded successfully
2025-11-11 14:08:52,294 - INFO - 🔄 Creating QA Chain...
2025-11-11 14:08:52,294 - INFO - Intializing our Huggingface embedding model
2025-11-11 14:08:52,296 - INFO - Use pytorch device_name: mps
2025-11-11 14:08:52,296 - INFO - Load pretrained SentenceTransformer: sentence-transformers/all-MiniLM-L6-v2
2025-11-11 14:08:53,682 - INFO - Huggingface embedding model loaded sucesfully....
2025-11-11 14:08:53,682 - INFO - Loading existing vectorstore from /Users/nuzkhan/Downloads/projects/medical chatbot v2/vectorstore/db_faiss
2025-11-11 14:08:53,713 - INFO - ✅ Vector store loaded successfully
2025-11-11 14:08:53,713 - INFO - ✅ Vector store loaded/created successfully.
2025-11-11 14:08:59,622 - INFO - ✅ QA chain created successfully
2025-11-11 14:11:40,650 - INFO - Intializing our Huggingface embedding model
2025-11-11 14:11:40,771 - INFO - Use pytorch device_name: mps
2025-11-11 14:11:40,771 - INFO - Load pretrained SentenceTransformer: sentence-transformers/all-MiniLM-L6-v2
2025-11-11 14:11:42,685 - INFO - Huggingface embedding model loaded sucesfully....
2025-11-11 14:11:42,685 - INFO - Loading existing vectorstore from /Users/nuzkhan/Downloads/projects/medical chatbot v2/vectorstore/db_faiss
2025-11-11 14:11:42,686 - INFO - Loading faiss.
2025-11-11 14:11:42,705 - INFO - Successfully loaded faiss.
2025-11-11 14:11:42,784 - INFO - ✅ Vector store loaded successfully
2025-11-11 14:11:42,793 - INFO - 🔄 Creating QA Chain...
2025-11-11 14:11:42,793 - INFO - Intializing our Huggingface embedding model
2025-11-11 14:11:42,794 - INFO - Use pytorch device_name: mps
2025-11-11 14:11:42,794 - INFO - Load pretrained SentenceTransformer: sentence-transformers/all-MiniLM-L6-v2
2025-11-11 14:11:44,154 - INFO - Huggingface embedding model loaded sucesfully....
2025-11-11 14:11:44,154 - INFO - Loading existing vectorstore from /Users/nuzkhan/Downloads/projects/medical chatbot v2/vectorstore/db_faiss
2025-11-11 14:11:44,173 - INFO - ✅ Vector store loaded successfully
2025-11-11 14:11:44,173 - INFO - ✅ Vector store loaded/created successfully.
2025-11-11 14:11:50,033 - INFO - ✅ QA chain created successfully
